This is pdfTeX, Version 3.14159265-2.6-1.40.18 (TeX Live 2017/Debian) (preloaded format=pdflatex 2020.3.4)  12 OCT 2020 22:24
entering extended mode
 restricted \write18 enabled.
 %&-line parsing enabled.
**Elgar.tex
(./Elgar.tex
LaTeX2e <2017-04-15>
Babel <3.18> and hyphenation patterns for 12 language(s) loaded.
(/usr/share/texlive/texmf-dist/tex/latex/base/book.cls
Document Class: book 2014/09/29 v1.4h Standard LaTeX document class
(/usr/share/texlive/texmf-dist/tex/latex/base/bk10.clo
File: bk10.clo 2014/09/29 v1.4h Standard LaTeX file (size option)
)
\c@part=\count79
\c@chapter=\count80
\c@section=\count81
\c@subsection=\count82
\c@subsubsection=\count83
\c@paragraph=\count84
\c@subparagraph=\count85
\c@figure=\count86
\c@table=\count87
\abovecaptionskip=\skip41
\belowcaptionskip=\skip42
\bibindent=\dimen102
)
(/usr/share/texlive/texmf-dist/tex/latex/geometry/geometry.sty
Package: geometry 2010/09/12 v5.6 Page Geometry

(/usr/share/texlive/texmf-dist/tex/latex/graphics/keyval.sty
Package: keyval 2014/10/28 v1.15 key=value parser (DPC)
\KV@toks@=\toks14
)
(/usr/share/texlive/texmf-dist/tex/generic/oberdiek/ifpdf.sty
Package: ifpdf 2017/03/15 v3.2 Provides the ifpdf switch
)
(/usr/share/texlive/texmf-dist/tex/generic/oberdiek/ifvtex.sty
Package: ifvtex 2016/05/16 v1.6 Detect VTeX and its facilities (HO)
Package ifvtex Info: VTeX not detected.
)
(/usr/share/texlive/texmf-dist/tex/generic/ifxetex/ifxetex.sty
Package: ifxetex 2010/09/12 v0.6 Provides ifxetex conditional
)
\Gm@cnth=\count88
\Gm@cntv=\count89
\c@Gm@tempcnt=\count90
\Gm@bindingoffset=\dimen103
\Gm@wd@mp=\dimen104
\Gm@odd@mp=\dimen105
\Gm@even@mp=\dimen106
\Gm@layoutwidth=\dimen107
\Gm@layoutheight=\dimen108
\Gm@layouthoffset=\dimen109
\Gm@layoutvoffset=\dimen110
\Gm@dimlist=\toks15
)
(/usr/share/texlive/texmf-dist/tex/latex/xcolor/xcolor.sty
Package: xcolor 2016/05/11 v2.12 LaTeX color extensions (UK)

(/usr/share/texlive/texmf-dist/tex/latex/graphics-cfg/color.cfg
File: color.cfg 2016/01/02 v1.6 sample color configuration
)
Package xcolor Info: Driver file: pdftex.def on input line 225.

(/usr/share/texlive/texmf-dist/tex/latex/graphics-def/pdftex.def
File: pdftex.def 2018/01/08 v1.0l Graphics/color driver for pdftex
)
Package xcolor Info: Model `cmy' substituted by `cmy0' on input line 1348.
Package xcolor Info: Model `hsb' substituted by `rgb' on input line 1352.
Package xcolor Info: Model `RGB' extended on input line 1364.
Package xcolor Info: Model `HTML' substituted by `rgb' on input line 1366.
Package xcolor Info: Model `Hsb' substituted by `hsb' on input line 1367.
Package xcolor Info: Model `tHsb' substituted by `hsb' on input line 1368.
Package xcolor Info: Model `HSB' substituted by `hsb' on input line 1369.
Package xcolor Info: Model `Gray' substituted by `gray' on input line 1370.
Package xcolor Info: Model `wave' substituted by `hsb' on input line 1371.
)
(/usr/share/texlive/texmf-dist/tex/latex/titlesec/titlesec.sty
Package: titlesec 2016/03/21 v2.10.2 Sectioning titles
\ttl@box=\box26
\beforetitleunit=\skip43
\aftertitleunit=\skip44
\ttl@plus=\dimen111
\ttl@minus=\dimen112
\ttl@toksa=\toks16
\titlewidth=\dimen113
\titlewidthlast=\dimen114
\titlewidthfirst=\dimen115
)
(/usr/share/texlive/texmf-dist/tex/latex/titlesec/block.tss
File: block.tss 2016/03/15
)
(/usr/share/texlive/texmf-dist/tex/latex/fancyhdr/fancyhdr.sty
Package: fancyhdr 2017/06/30 v3.9a Extensive control of page headers and footer
s
\f@nch@headwidth=\skip45
\f@nch@O@elh=\skip46
\f@nch@O@erh=\skip47
\f@nch@O@olh=\skip48
\f@nch@O@orh=\skip49
\f@nch@O@elf=\skip50
\f@nch@O@erf=\skip51
\f@nch@O@olf=\skip52
\f@nch@O@orf=\skip53
)
(/usr/share/texlive/texmf-dist/tex/latex/titling/titling.sty
Package: titling 2009/09/04 v2.1d maketitle typesetting
\thanksmarkwidth=\skip54
\thanksmargin=\skip55
\droptitle=\skip56
)
(/usr/share/texlive/texmf-dist/tex/latex/tocloft/tocloft.sty
Package: tocloft 2017/08/31 v2.3i parameterised ToC, etc., typesetting
Package tocloft Info: The document has chapter divisions on input line 51.
\cftparskip=\skip57
\cftbeforetoctitleskip=\skip58
\cftaftertoctitleskip=\skip59
\cftbeforepartskip=\skip60
\cftpartnumwidth=\skip61
\cftpartindent=\skip62
\cftbeforechapskip=\skip63
\cftchapindent=\skip64
\cftchapnumwidth=\skip65
\cftbeforesecskip=\skip66
\cftsecindent=\skip67
\cftsecnumwidth=\skip68
\cftbeforesubsecskip=\skip69
\cftsubsecindent=\skip70
\cftsubsecnumwidth=\skip71
\cftbeforesubsubsecskip=\skip72
\cftsubsubsecindent=\skip73
\cftsubsubsecnumwidth=\skip74
\cftbeforeparaskip=\skip75
\cftparaindent=\skip76
\cftparanumwidth=\skip77
\cftbeforesubparaskip=\skip78
\cftsubparaindent=\skip79
\cftsubparanumwidth=\skip80
\cftbeforeloftitleskip=\skip81
\cftafterloftitleskip=\skip82
\cftbeforefigskip=\skip83
\cftfigindent=\skip84
\cftfignumwidth=\skip85
\c@lofdepth=\count91
\c@lotdepth=\count92
\cftbeforelottitleskip=\skip86
\cftafterlottitleskip=\skip87
\cftbeforetabskip=\skip88
\cfttabindent=\skip89
\cfttabnumwidth=\skip90
)
(/usr/share/texlive/texmf-dist/tex/latex/graphics/graphics.sty
Package: graphics 2017/06/25 v1.2c Standard LaTeX Graphics (DPC,SPQR)

(/usr/share/texlive/texmf-dist/tex/latex/graphics/trig.sty
Package: trig 2016/01/03 v1.10 sin cos tan (DPC)
)
(/usr/share/texlive/texmf-dist/tex/latex/graphics-cfg/graphics.cfg
File: graphics.cfg 2016/06/04 v1.11 sample graphics configuration
)
Package graphics Info: Driver file: pdftex.def on input line 99.
)
(./Elgar.aux)
\openout1 = `Elgar.aux'.

LaTeX Font Info:    Checking defaults for OML/cmm/m/it on input line 33.
LaTeX Font Info:    ... okay on input line 33.
LaTeX Font Info:    Checking defaults for T1/cmr/m/n on input line 33.
LaTeX Font Info:    ... okay on input line 33.
LaTeX Font Info:    Checking defaults for OT1/cmr/m/n on input line 33.
LaTeX Font Info:    ... okay on input line 33.
LaTeX Font Info:    Checking defaults for OMS/cmsy/m/n on input line 33.
LaTeX Font Info:    ... okay on input line 33.
LaTeX Font Info:    Checking defaults for OMX/cmex/m/n on input line 33.
LaTeX Font Info:    ... okay on input line 33.
LaTeX Font Info:    Checking defaults for U/cmr/m/n on input line 33.
LaTeX Font Info:    ... okay on input line 33.

*geometry* driver: auto-detecting
*geometry* detected driver: pdftex
*geometry* verbose mode - [ preamble ] result:
* driver: pdftex
* paper: custom
* layout: <same size as paper>
* layoutoffset:(h,v)=(0.0pt,0.0pt)
* modes: 
* h-part:(L,W,R)=(99.01659pt, 462.07066pt, 99.01659pt)
* v-part:(T,H,B)=(103.11383pt, 601.48856pt, 154.67075pt)
* \paperwidth=660.10384pt
* \paperheight=859.27313pt
* \textwidth=587.2626pt
* \textheight=820.57468pt
* \oddsidemargin=26.7466pt
* \evensidemargin=26.7466pt
* \topmargin=0.77635pt
* \headheight=12.0pt
* \headsep=18.06749pt
* \topskip=10.0pt
* \footskip=25.29494pt
* \marginparwidth=69.0pt
* \marginparsep=7.0pt
* \columnsep=10.0pt
* \skip\footins=9.0pt plus 4.0pt minus 2.0pt
* \hoffset=-66.0pt
* \voffset=-62.59596pt
* \mag=1000
* \@twocolumnfalse
* \@twosidefalse
* \@mparswitchfalse
* \@reversemarginfalse
* (1in=72.27pt=25.4mm, 1cm=28.453pt)

(/usr/share/texlive/texmf-dist/tex/context/base/mkii/supp-pdf.mkii
[Loading MPS to PDF converter (version 2006.09.02).]
\scratchcounter=\count93
\scratchdimen=\dimen116
\scratchbox=\box27
\nofMPsegments=\count94
\nofMParguments=\count95
\everyMPshowfont=\toks17
\MPscratchCnt=\count96
\MPscratchDim=\dimen117
\MPnumerator=\count97
\makeMPintoPDFobject=\count98
\everyMPtoPDFconversion=\toks18
) (/usr/share/texlive/texmf-dist/tex/latex/oberdiek/epstopdf-base.sty
Package: epstopdf-base 2016/05/15 v2.6 Base part for package epstopdf

(/usr/share/texlive/texmf-dist/tex/generic/oberdiek/infwarerr.sty
Package: infwarerr 2016/05/16 v1.4 Providing info/warning/error messages (HO)
)
(/usr/share/texlive/texmf-dist/tex/latex/oberdiek/grfext.sty
Package: grfext 2016/05/16 v1.2 Manage graphics extensions (HO)

(/usr/share/texlive/texmf-dist/tex/generic/oberdiek/kvdefinekeys.sty
Package: kvdefinekeys 2016/05/16 v1.4 Define keys (HO)

(/usr/share/texlive/texmf-dist/tex/generic/oberdiek/ltxcmds.sty
Package: ltxcmds 2016/05/16 v1.23 LaTeX kernel commands for general use (HO)
)))
(/usr/share/texlive/texmf-dist/tex/latex/oberdiek/kvoptions.sty
Package: kvoptions 2016/05/16 v3.12 Key value format for package options (HO)

(/usr/share/texlive/texmf-dist/tex/generic/oberdiek/kvsetkeys.sty
Package: kvsetkeys 2016/05/16 v1.17 Key value parser (HO)

(/usr/share/texlive/texmf-dist/tex/generic/oberdiek/etexcmds.sty
Package: etexcmds 2016/05/16 v1.6 Avoid name clashes with e-TeX commands (HO)

(/usr/share/texlive/texmf-dist/tex/generic/oberdiek/ifluatex.sty
Package: ifluatex 2016/05/16 v1.4 Provides the ifluatex switch (HO)
Package ifluatex Info: LuaTeX not detected.
)
Package etexcmds Info: Could not find \expanded.
(etexcmds)             That can mean that you are not using pdfTeX 1.50 or
(etexcmds)             that some package has redefined \expanded.
(etexcmds)             In the latter case, load this package earlier.
)))
(/usr/share/texlive/texmf-dist/tex/generic/oberdiek/pdftexcmds.sty
Package: pdftexcmds 2018/01/21 v0.26 Utility functions of pdfTeX for LuaTeX (HO
)
Package pdftexcmds Info: LuaTeX not detected.
Package pdftexcmds Info: \pdf@primitive is available.
Package pdftexcmds Info: \pdf@ifprimitive is available.
Package pdftexcmds Info: \pdfdraftmode found.
)
Package epstopdf-base Info: Redefining graphics rule for `.eps' on input line 4
38.
Package grfext Info: Graphics extension search list:
(grfext)             [.pdf,.png,.jpg,.mps,.jpeg,.jbig2,.jb2,.PDF,.PNG,.JPG,.JPE
G,.JBIG2,.JB2,.eps]
(grfext)             \AppendGraphicsExtensions on input line 456.

(/usr/share/texlive/texmf-dist/tex/latex/latexconfig/epstopdf-sys.cfg
File: epstopdf-sys.cfg 2010/07/13 v1.3 Configuration of (r)epstopdf for TeX Liv
e
))
(./18/lily-a9e41a33-systems.tex
Package epstopdf Info: Source file: <18/lily-a9e41a33-1.eps>
(epstopdf)                    date: 2020-10-12 22:24:07
(epstopdf)                    size: 2156653 bytes
(epstopdf)             Output file: <18/lily-a9e41a33-1-eps-converted-to.pdf>
(epstopdf)             Command: <repstopdf --outfile=18/lily-a9e41a33-1-eps-con
verted-to.pdf 18/lily-a9e41a33-1.eps>
(epstopdf)             \includegraphics on input line 1.
runsystem(repstopdf --outfile=18/lily-a9e41a33-1-eps-converted-to.pdf 18/lily-a
9e41a33-1.eps)...executed safely (allowed).

Package epstopdf Info: Result file: <18/lily-a9e41a33-1-eps-converted-to.pdf>
(epstopdf)                    date: 2020-10-12 22:24:10
(epstopdf)                    size: 124197 bytes.


pdfTeX warning: pdflatex (file ./18/lily-a9e41a33-1-eps-converted-to.pdf): PDF 
inclusion: found PDF version <1.7>, but at most version <1.5> allowed
<18/lily-a9e41a33-1-eps-converted-to.pdf, id=1, 612.2875pt x 760.8425pt>
File: 18/lily-a9e41a33-1-eps-converted-to.pdf Graphic file (type pdf)
<use 18/lily-a9e41a33-1-eps-converted-to.pdf>
Package pdftex.def Info: 18/lily-a9e41a33-1-eps-converted-to.pdf  used on input
 line 1.
(pdftex.def)             Requested size: 612.28601pt x 760.84064pt.
Package epstopdf Info: Source file: <18/lily-a9e41a33-2.eps>
(epstopdf)                    date: 2020-10-12 22:24:07
(epstopdf)                    size: 2193173 bytes
(epstopdf)             Output file: <18/lily-a9e41a33-2-eps-converted-to.pdf>
(epstopdf)             Command: <repstopdf --outfile=18/lily-a9e41a33-2-eps-con
verted-to.pdf 18/lily-a9e41a33-2.eps>
(epstopdf)             \includegraphics on input line 7.
runsystem(repstopdf --outfile=18/lily-a9e41a33-2-eps-converted-to.pdf 18/lily-a
9e41a33-2.eps)...executed safely (allowed).

Package epstopdf Info: Result file: <18/lily-a9e41a33-2-eps-converted-to.pdf>
(epstopdf)                    date: 2020-10-12 22:24:12
(epstopdf)                    size: 57944 bytes.


pdfTeX warning: pdflatex (file ./18/lily-a9e41a33-2-eps-converted-to.pdf): PDF 
inclusion: found PDF version <1.7>, but at most version <1.5> allowed
<18/lily-a9e41a33-2-eps-converted-to.pdf, id=2, 612.2875pt x 760.8425pt>
File: 18/lily-a9e41a33-2-eps-converted-to.pdf Graphic file (type pdf)
<use 18/lily-a9e41a33-2-eps-converted-to.pdf>
Package pdftex.def Info: 18/lily-a9e41a33-2-eps-converted-to.pdf  used on input
 line 7.
(pdftex.def)             Requested size: 612.28601pt x 760.84064pt.
Package epstopdf Info: Source file: <18/lily-a9e41a33-3.eps>
(epstopdf)                    date: 2020-10-12 22:24:08
(epstopdf)                    size: 2210684 bytes
(epstopdf)             Output file: <18/lily-a9e41a33-3-eps-converted-to.pdf>
(epstopdf)             Command: <repstopdf --outfile=18/lily-a9e41a33-3-eps-con
verted-to.pdf 18/lily-a9e41a33-3.eps>
(epstopdf)             \includegraphics on input line 13.
runsystem(repstopdf --outfile=18/lily-a9e41a33-3-eps-converted-to.pdf 18/lily-a
9e41a33-3.eps)...executed safely (allowed).

Package epstopdf Info: Result file: <18/lily-a9e41a33-3-eps-converted-to.pdf>
(epstopdf)                    date: 2020-10-12 22:24:14
(epstopdf)                    size: 126388 bytes.


pdfTeX warning: pdflatex (file ./18/lily-a9e41a33-3-eps-converted-to.pdf): PDF 
inclusion: found PDF version <1.7>, but at most version <1.5> allowed
<18/lily-a9e41a33-3-eps-converted-to.pdf, id=3, 612.2875pt x 760.8425pt>
File: 18/lily-a9e41a33-3-eps-converted-to.pdf Graphic file (type pdf)
<use 18/lily-a9e41a33-3-eps-converted-to.pdf>
Package pdftex.def Info: 18/lily-a9e41a33-3-eps-converted-to.pdf  used on input
 line 13.
(pdftex.def)             Requested size: 612.28601pt x 760.84064pt.
Package epstopdf Info: Source file: <18/lily-a9e41a33-4.eps>
(epstopdf)                    date: 2020-10-12 22:24:08
(epstopdf)                    size: 2188626 bytes
(epstopdf)             Output file: <18/lily-a9e41a33-4-eps-converted-to.pdf>
(epstopdf)             Command: <repstopdf --outfile=18/lily-a9e41a33-4-eps-con
verted-to.pdf 18/lily-a9e41a33-4.eps>
(epstopdf)             \includegraphics on input line 19.
runsystem(repstopdf --outfile=18/lily-a9e41a33-4-eps-converted-to.pdf 18/lily-a
9e41a33-4.eps)...executed safely (allowed).

Package epstopdf Info: Result file: <18/lily-a9e41a33-4-eps-converted-to.pdf>
(epstopdf)                    date: 2020-10-12 22:24:17
(epstopdf)                    size: 56643 bytes.


pdfTeX warning: pdflatex (file ./18/lily-a9e41a33-4-eps-converted-to.pdf): PDF 
inclusion: found PDF version <1.7>, but at most version <1.5> allowed
<18/lily-a9e41a33-4-eps-converted-to.pdf, id=4, 612.2875pt x 560.0925pt>
File: 18/lily-a9e41a33-4-eps-converted-to.pdf Graphic file (type pdf)
<use 18/lily-a9e41a33-4-eps-converted-to.pdf>
Package pdftex.def Info: 18/lily-a9e41a33-4-eps-converted-to.pdf  used on input
 line 19.
(pdftex.def)             Requested size: 612.28601pt x 560.09113pt.
)
Overfull \hbox (25.0234pt too wide) in paragraph at lines 36--48
[]
 []


Overfull \hbox (25.0234pt too wide) in paragraph at lines 36--48
[]
 []


Overfull \hbox (25.0234pt too wide) in paragraph at lines 36--48
[]
 []


Overfull \hbox (25.0234pt too wide) in paragraph at lines 36--48
[]
 []


Underfull \hbox (badness 10000) in paragraph at lines 36--48

 []


Package Fancyhdr Warning: \headheight is too small (12.0pt): 
 Make it at least 14.0pt.
 We now make it that large for the rest of the document.
 This may cause the page layout to be inconsistent, however.

[1{/var/lib/texmf/fonts/map/pdftex/updmap/pdftex.map}

 <./18/lily-a9e41a33-1-eps-converted-to.pdf>] [2 <./18/lily-a9e41a33-2-eps-conv
erted-to.pdf>] [3 <./18/lily-a9e41a33-3-eps-converted-to.pdf>] [4 <./18/lily-a9
e41a33-4-eps-converted-to.pdf>] (./Elgar.aux) ) 
Here is how much of TeX's memory you used:
 3078 strings out of 494798
 42647 string characters out of 6176801
 107519 words of memory out of 5000000
 6380 multiletter control sequences out of 15000+600000
 4245 words of font info for 16 fonts, out of 8000000 for 9000
 59 hyphenation exceptions out of 8191
 41i,11n,43p,272b,264s stack positions out of 5000i,500n,10000p,200000b,80000s
</usr/share/texlive/texmf-dist/f
onts/type1/public/amsfonts/cm/cmbx12.pfb></usr/share/texlive/texmf-dist/fonts/t
ype1/public/amsfonts/cm/cmr10.pfb></usr/share/texlive/texmf-dist/fonts/type1/ur
w/ncntrsbk/uncb8a.pfb></usr/share/texlive/texmf-dist/fonts/type1/urw/ncntrsbk/u
ncr8a.pfb></usr/share/texlive/texmf-dist/fonts/type1/urw/ncntrsbk/uncri8a.pfb>
Output written on Elgar.pdf (4 pages, 296544 bytes).
PDF statistics:
 110 PDF objects out of 1000 (max. 8388607)
 79 compressed objects within 1 object stream
 0 named destinations out of 1000 (max. 500000)
 21 words of extra memory for PDF output out of 10000 (max. 10000000)

