This is pdfTeX, Version 3.14159265-2.6-1.40.21 (TeX Live 2020/Debian) (preloaded format=pdflatex 2022.2.21)  26 MAR 2022 20:56
entering extended mode
 restricted \write18 enabled.
 %&-line parsing enabled.
**Finntroll.tex
(./Finntroll.tex
LaTeX2e <2020-10-01> patch level 4
L3 programming layer <2021-01-09> xparse <2020-03-03>
(/usr/share/texlive/texmf-dist/tex/latex/base/book.cls
Document Class: book 2020/04/10 v1.4m Standard LaTeX document class
(/usr/share/texlive/texmf-dist/tex/latex/base/bk10.clo
File: bk10.clo 2020/04/10 v1.4m Standard LaTeX file (size option)
)
\c@part=\count177
\c@chapter=\count178
\c@section=\count179
\c@subsection=\count180
\c@subsubsection=\count181
\c@paragraph=\count182
\c@subparagraph=\count183
\c@figure=\count184
\c@table=\count185
\abovecaptionskip=\skip47
\belowcaptionskip=\skip48
\bibindent=\dimen138
)
(/usr/share/texlive/texmf-dist/tex/latex/geometry/geometry.sty
Package: geometry 2020/01/02 v5.9 Page Geometry

(/usr/share/texlive/texmf-dist/tex/latex/graphics/keyval.sty
Package: keyval 2014/10/28 v1.15 key=value parser (DPC)
\KV@toks@=\toks15
)
(/usr/share/texlive/texmf-dist/tex/generic/iftex/ifvtex.sty
Package: ifvtex 2019/10/25 v1.7 ifvtex legacy package. Use iftex instead.

(/usr/share/texlive/texmf-dist/tex/generic/iftex/iftex.sty
Package: iftex 2020/03/06 v1.0d TeX engine tests
))
\Gm@cnth=\count186
\Gm@cntv=\count187
\c@Gm@tempcnt=\count188
\Gm@bindingoffset=\dimen139
\Gm@wd@mp=\dimen140
\Gm@odd@mp=\dimen141
\Gm@even@mp=\dimen142
\Gm@layoutwidth=\dimen143
\Gm@layoutheight=\dimen144
\Gm@layouthoffset=\dimen145
\Gm@layoutvoffset=\dimen146
\Gm@dimlist=\toks16
)
(/usr/share/texlive/texmf-dist/tex/latex/xcolor/xcolor.sty
Package: xcolor 2016/05/11 v2.12 LaTeX color extensions (UK)

(/usr/share/texlive/texmf-dist/tex/latex/graphics-cfg/color.cfg
File: color.cfg 2016/01/02 v1.6 sample color configuration
)
Package xcolor Info: Driver file: pdftex.def on input line 225.

(/usr/share/texlive/texmf-dist/tex/latex/graphics-def/pdftex.def
File: pdftex.def 2020/10/05 v1.2a Graphics/color driver for pdftex
)
Package xcolor Info: Model `cmy' substituted by `cmy0' on input line 1348.
Package xcolor Info: Model `hsb' substituted by `rgb' on input line 1352.
Package xcolor Info: Model `RGB' extended on input line 1364.
Package xcolor Info: Model `HTML' substituted by `rgb' on input line 1366.
Package xcolor Info: Model `Hsb' substituted by `hsb' on input line 1367.
Package xcolor Info: Model `tHsb' substituted by `hsb' on input line 1368.
Package xcolor Info: Model `HSB' substituted by `hsb' on input line 1369.
Package xcolor Info: Model `Gray' substituted by `gray' on input line 1370.
Package xcolor Info: Model `wave' substituted by `hsb' on input line 1371.
)
(/usr/share/texlive/texmf-dist/tex/latex/titlesec/titlesec.sty
Package: titlesec 2019/10/16 v2.13 Sectioning titles
\ttl@box=\box47
\beforetitleunit=\skip49
\aftertitleunit=\skip50
\ttl@plus=\dimen147
\ttl@minus=\dimen148
\ttl@toksa=\toks17
\titlewidth=\dimen149
\titlewidthlast=\dimen150
\titlewidthfirst=\dimen151
)
(/usr/share/texlive/texmf-dist/tex/latex/fancyhdr/fancyhdr.sty
Package: fancyhdr 2021/01/04 v4.0 Extensive control of page headers and footers

\f@nch@headwidth=\skip51
\f@nch@O@elh=\skip52
\f@nch@O@erh=\skip53
\f@nch@O@olh=\skip54
\f@nch@O@orh=\skip55
\f@nch@O@elf=\skip56
\f@nch@O@erf=\skip57
\f@nch@O@olf=\skip58
\f@nch@O@orf=\skip59
)
(/usr/share/texlive/texmf-dist/tex/latex/titling/titling.sty
Package: titling 2009/09/04 v2.1d maketitle typesetting
\thanksmarkwidth=\skip60
\thanksmargin=\skip61
\droptitle=\skip62
)
(/usr/share/texlive/texmf-dist/tex/latex/graphics/graphics.sty
Package: graphics 2020/08/30 v1.4c Standard LaTeX Graphics (DPC,SPQR)

(/usr/share/texlive/texmf-dist/tex/latex/graphics/trig.sty
Package: trig 2016/01/03 v1.10 sin cos tan (DPC)
)
(/usr/share/texlive/texmf-dist/tex/latex/graphics-cfg/graphics.cfg
File: graphics.cfg 2016/06/04 v1.11 sample graphics configuration
)
Package graphics Info: Driver file: pdftex.def on input line 105.
)
(/usr/share/texlive/texmf-dist/tex/latex/l3backend/l3backend-pdftex.def
File: l3backend-pdftex.def 2020-01-29 L3 backend support: PDF output (pdfTeX)
\l__color_backend_stack_int=\count189
\l__pdf_internal_box=\box48
)
(./Finntroll.aux)
\openout1 = `Finntroll.aux'.

LaTeX Font Info:    Checking defaults for OML/cmm/m/it on input line 23.
LaTeX Font Info:    ... okay on input line 23.
LaTeX Font Info:    Checking defaults for OMS/cmsy/m/n on input line 23.
LaTeX Font Info:    ... okay on input line 23.
LaTeX Font Info:    Checking defaults for OT1/cmr/m/n on input line 23.
LaTeX Font Info:    ... okay on input line 23.
LaTeX Font Info:    Checking defaults for T1/cmr/m/n on input line 23.
LaTeX Font Info:    ... okay on input line 23.
LaTeX Font Info:    Checking defaults for TS1/cmr/m/n on input line 23.
LaTeX Font Info:    ... okay on input line 23.
LaTeX Font Info:    Checking defaults for OMX/cmex/m/n on input line 23.
LaTeX Font Info:    ... okay on input line 23.
LaTeX Font Info:    Checking defaults for U/cmr/m/n on input line 23.
LaTeX Font Info:    ... okay on input line 23.

*geometry* driver: auto-detecting
*geometry* detected driver: pdftex
*geometry* verbose mode - [ preamble ] result:
* driver: pdftex
* paper: custom
* layout: <same size as paper>
* layoutoffset:(h,v)=(0.0pt,0.0pt)
* modes: 
* h-part:(L,W,R)=(126.58037pt, 590.6998pt, 126.58037pt)
* v-part:(T,H,B)=(131.81833pt, 768.92921pt, 197.72755pt)
* \paperwidth=843.86053pt
* \paperheight=1098.4751pt
* \textwidth=732.96358pt
* \textheight=768.92921pt
* \oddsidemargin=54.31038pt
* \evensidemargin=54.31038pt
* \topmargin=29.48085pt
* \headheight=12.0pt
* \headsep=18.06749pt
* \topskip=10.0pt
* \footskip=25.29494pt
* \marginparwidth=69.0pt
* \marginparsep=7.0pt
* \columnsep=10.0pt
* \skip\footins=9.0pt plus 4.0pt minus 2.0pt
* \hoffset=-110.0pt
* \voffset=-85.35826pt
* \mag=1000
* \@twocolumnfalse
* \@twosidefalse
* \@mparswitchfalse
* \@reversemarginfalse
* (1in=72.27pt=25.4mm, 1cm=28.453pt)

(/usr/share/texlive/texmf-dist/tex/context/base/mkii/supp-pdf.mkii
[Loading MPS to PDF converter (version 2006.09.02).]
\scratchcounter=\count190
\scratchdimen=\dimen152
\scratchbox=\box49
\nofMPsegments=\count191
\nofMParguments=\count192
\everyMPshowfont=\toks18
\MPscratchCnt=\count193
\MPscratchDim=\dimen153
\MPnumerator=\count194
\makeMPintoPDFobject=\count195
\everyMPtoPDFconversion=\toks19
) (/usr/share/texlive/texmf-dist/tex/latex/epstopdf-pkg/epstopdf-base.sty
Package: epstopdf-base 2020-01-24 v2.11 Base part for package epstopdf
Package epstopdf-base Info: Redefining graphics rule for `.eps' on input line 4
85.

(/usr/share/texlive/texmf-dist/tex/latex/latexconfig/epstopdf-sys.cfg
File: epstopdf-sys.cfg 2010/07/13 v1.3 Configuration of (r)epstopdf for TeX Liv
e
))
(./8f/lily-0bc316a0-systems.tex
Package epstopdf Info: Source file: <./8f/lily-0bc316a0-1.eps>
(epstopdf)                    date: 2022-03-26 20:54:22
(epstopdf)                    size: 579274 bytes
(epstopdf)             Output file: <./8f/lily-0bc316a0-1-eps-converted-to.pdf>

(epstopdf)             Command: <repstopdf --outfile=./8f/lily-0bc316a0-1-eps-c
onverted-to.pdf ./8f/lily-0bc316a0-1.eps>
(epstopdf)             \includegraphics on input line 1.
runsystem(repstopdf --outfile=./8f/lily-0bc316a0-1-eps-converted-to.pdf ./8f/li
ly-0bc316a0-1.eps)...executed safely (allowed).

Package epstopdf Info: Result file: <./8f/lily-0bc316a0-1-eps-converted-to.pdf>

(epstopdf)                    date: 2022-03-26 20:56:06
(epstopdf)                    size: 84172 bytes.
<./8f/lily-0bc316a0-1-eps-converted-to.pdf, id=1, 783.92876pt x 955.57pt>
File: ./8f/lily-0bc316a0-1-eps-converted-to.pdf Graphic file (type pdf)
<use ./8f/lily-0bc316a0-1-eps-converted-to.pdf>
Package pdftex.def Info: ./8f/lily-0bc316a0-1-eps-converted-to.pdf  used on inp
ut line 1.
(pdftex.def)             Requested size: 783.92685pt x 955.56767pt.
Package epstopdf Info: Source file: <./8f/lily-0bc316a0-2.eps>
(epstopdf)                    date: 2022-03-26 20:54:22
(epstopdf)                    size: 838526 bytes
(epstopdf)             Output file: <./8f/lily-0bc316a0-2-eps-converted-to.pdf>

(epstopdf)             Command: <repstopdf --outfile=./8f/lily-0bc316a0-2-eps-c
onverted-to.pdf ./8f/lily-0bc316a0-2.eps>
(epstopdf)             \includegraphics on input line 7.
runsystem(repstopdf --outfile=./8f/lily-0bc316a0-2-eps-converted-to.pdf ./8f/li
ly-0bc316a0-2.eps)...executed safely (allowed).

Package epstopdf Info: Result file: <./8f/lily-0bc316a0-2-eps-converted-to.pdf>

(epstopdf)                    date: 2022-03-26 20:56:07
(epstopdf)                    size: 104078 bytes.
<./8f/lily-0bc316a0-2-eps-converted-to.pdf, id=2, 3640.60126pt x 950.55125pt>
File: ./8f/lily-0bc316a0-2-eps-converted-to.pdf Graphic file (type pdf)
<use ./8f/lily-0bc316a0-2-eps-converted-to.pdf>
Package pdftex.def Info: ./8f/lily-0bc316a0-2-eps-converted-to.pdf  used on inp
ut line 7.
(pdftex.def)             Requested size: 3640.59242pt x 950.54893pt.
Package epstopdf Info: Source file: <./8f/lily-0bc316a0-3.eps>
(epstopdf)                    date: 2022-03-26 20:54:22
(epstopdf)                    size: 613238 bytes
(epstopdf)             Output file: <./8f/lily-0bc316a0-3-eps-converted-to.pdf>

(epstopdf)             Command: <repstopdf --outfile=./8f/lily-0bc316a0-3-eps-c
onverted-to.pdf ./8f/lily-0bc316a0-3.eps>
(epstopdf)             \includegraphics on input line 13.
runsystem(repstopdf --outfile=./8f/lily-0bc316a0-3-eps-converted-to.pdf ./8f/li
ly-0bc316a0-3.eps)...executed safely (allowed).

Package epstopdf Info: Result file: <./8f/lily-0bc316a0-3-eps-converted-to.pdf>

(epstopdf)                    date: 2022-03-26 20:56:08
(epstopdf)                    size: 79425 bytes.
<./8f/lily-0bc316a0-3-eps-converted-to.pdf, id=3, 1371.1225pt x 952.55875pt>
File: ./8f/lily-0bc316a0-3-eps-converted-to.pdf Graphic file (type pdf)
<use ./8f/lily-0bc316a0-3-eps-converted-to.pdf>
Package pdftex.def Info: ./8f/lily-0bc316a0-3-eps-converted-to.pdf  used on inp
ut line 13.
(pdftex.def)             Requested size: 1371.11916pt x 952.55643pt.
Package epstopdf Info: Source file: <./8f/lily-0bc316a0-4.eps>
(epstopdf)                    date: 2022-03-26 20:54:22
(epstopdf)                    size: 450146 bytes
(epstopdf)             Output file: <./8f/lily-0bc316a0-4-eps-converted-to.pdf>

(epstopdf)             Command: <repstopdf --outfile=./8f/lily-0bc316a0-4-eps-c
onverted-to.pdf ./8f/lily-0bc316a0-4.eps>
(epstopdf)             \includegraphics on input line 19.
runsystem(repstopdf --outfile=./8f/lily-0bc316a0-4-eps-converted-to.pdf ./8f/li
ly-0bc316a0-4.eps)...executed safely (allowed).

Package epstopdf Info: Result file: <./8f/lily-0bc316a0-4-eps-converted-to.pdf>

(epstopdf)                    date: 2022-03-26 20:56:09
(epstopdf)                    size: 45184 bytes.
<./8f/lily-0bc316a0-4-eps-converted-to.pdf, id=4, 783.92876pt x 292.09125pt>
File: ./8f/lily-0bc316a0-4-eps-converted-to.pdf Graphic file (type pdf)
<use ./8f/lily-0bc316a0-4-eps-converted-to.pdf>
Package pdftex.def Info: ./8f/lily-0bc316a0-4-eps-converted-to.pdf  used on inp
ut line 19.
(pdftex.def)             Requested size: 783.92685pt x 292.09052pt.
)
Overfull \hbox (50.96327pt too wide) in paragraph at lines 31--43
[]
 []


Overfull \hbox (2907.62885pt too wide) in paragraph at lines 31--43
[]
 []


Overfull \hbox (638.15558pt too wide) in paragraph at lines 31--43
[]
 []


Overfull \hbox (50.96327pt too wide) in paragraph at lines 31--43
[]
 []


Underfull \hbox (badness 10000) in paragraph at lines 31--43

 []


Package fancyhdr Warning: \headheight is too small (12.0pt): 
(fancyhdr)                Make it at least 14.0pt, for example:
(fancyhdr)                \setlength{\headheight}{14.0pt}.
(fancyhdr)                You might also make \topmargin smaller to compensate:

(fancyhdr)                \addtolength{\topmargin}{-2.0pt}.

[1{/var/lib/texmf/fonts/map/pdftex/updmap/pdftex.map}

]
Overfull \vbox (186.63846pt too high) has occurred while \output is active []



Package fancyhdr Warning: \headheight is too small (12.0pt): 
(fancyhdr)                Make it at least 14.0pt, for example:
(fancyhdr)                \setlength{\headheight}{14.0pt}.
(fancyhdr)                You might also make \topmargin smaller to compensate:

(fancyhdr)                \addtolength{\topmargin}{-2.0pt}.

[2 <./8f/lily-0bc316a0-1-eps-converted-to.pdf>]
Overfull \vbox (181.61972pt too high) has occurred while \output is active []



Package fancyhdr Warning: \headheight is too small (12.0pt): 
(fancyhdr)                Make it at least 14.0pt, for example:
(fancyhdr)                \setlength{\headheight}{14.0pt}.
(fancyhdr)                You might also make \topmargin smaller to compensate:

(fancyhdr)                \addtolength{\topmargin}{-2.0pt}.

[3 <./8f/lily-0bc316a0-2-eps-converted-to.pdf>]
Overfull \vbox (183.62721pt too high) has occurred while \output is active []



Package fancyhdr Warning: \headheight is too small (12.0pt): 
(fancyhdr)                Make it at least 14.0pt, for example:
(fancyhdr)                \setlength{\headheight}{14.0pt}.
(fancyhdr)                You might also make \topmargin smaller to compensate:

(fancyhdr)                \addtolength{\topmargin}{-2.0pt}.

[4 <./8f/lily-0bc316a0-3-eps-converted-to.pdf>]

Package fancyhdr Warning: \headheight is too small (12.0pt): 
(fancyhdr)                Make it at least 14.0pt, for example:
(fancyhdr)                \setlength{\headheight}{14.0pt}.
(fancyhdr)                You might also make \topmargin smaller to compensate:

(fancyhdr)                \addtolength{\topmargin}{-2.0pt}.

[5 <./8f/lily-0bc316a0-4-eps-converted-to.pdf>] (./Finntroll.aux) ) 
Here is how much of TeX's memory you used:
 2753 strings out of 481199
 39530 string characters out of 5913479
 322771 words of memory out of 5000000
 19705 multiletter control sequences out of 15000+600000
 404035 words of font info for 29 fonts, out of 8000000 for 9000
 14 hyphenation exceptions out of 8191
 68i,11n,74p,191b,279s stack positions out of 5000i,500n,10000p,200000b,80000s
</usr/share/
texlive/texmf-dist/fonts/type1/public/amsfonts/cm/cmbx12.pfb></usr/share/texliv
e/texmf-dist/fonts/type1/public/amsfonts/cm/cmr10.pfb>
Output written on Finntroll.pdf (5 pages, 315433 bytes).
PDF statistics:
 100 PDF objects out of 1000 (max. 8388607)
 58 compressed objects within 1 object stream
 0 named destinations out of 1000 (max. 500000)
 21 words of extra memory for PDF output out of 10000 (max. 10000000)

